[2022-10-14 23:47:45][DEBUG] :: HELLO
[2022-10-14 23:57:53][DEBUG] [LOGIN] node-bot#0263 has logged in
[2022-10-14 23:59:06][DEBUG] Launched Cluster 0
[2022-10-14 23:59:18][DEBUG] Launched Cluster 0
[2022-10-14 23:59:19][DEBUG] Loading command: utils/info.js
[2022-10-14 23:59:19][DEBUG] Loading command: utils/invite.js
[2022-10-14 23:59:19][DEBUG] Loading command: utils/ping.js
[2022-10-14 23:59:19][DEBUG] Loading command: utils/test.js
[2022-10-14 23:59:19][DEBUG] Loading command: writing/challenge.js
[2022-10-14 23:59:19][DEBUG] Loading command: writing/generate.js
[2022-10-14 23:59:19][DEBUG] Loading command: writing/wrote.js
[2022-10-14 23:59:20][DEBUG] [LOGIN] node-bot#0263 has logged in
[2022-10-15 00:05:22][DEBUG] Launched Cluster 0
[2022-10-15 00:05:23][DEBUG] Loading command: utils/info.js
[2022-10-15 00:05:23][DEBUG] Loading command: utils/invite.js
[2022-10-15 00:05:23][DEBUG] Loading command: utils/ping.js
[2022-10-15 00:05:23][DEBUG] Loading command: utils/test.js
[2022-10-15 00:05:23][DEBUG] Loading command: writing/challenge.js
[2022-10-15 00:05:23][DEBUG] Loading command: writing/generate.js
[2022-10-15 00:05:23][DEBUG] Loading command: writing/wrote.js
[2022-10-15 00:05:23][DEBUG] [LOGIN] node-bot#0263 has logged in
